28 [140430439548800] INFO perfrun.launcher <> - Launcher main begin
32 [140430439548800] INFO perfrun.launcher <> - MessageCatalogInit finished
32 [140430439548800] INFO perfrun.launcher <> - Launcher instance created
32 [140430439548800] INFO perfrun.launcher <> - argc = 7; cmdline = /opt/intel/oneapi/vtune/2022.0.0/bin64/amplxe-runss --ui-output-format xml --ui-output-fd 5 --option-file /home/liuyuxin/intel/vtune/config/runss.options 
122 [140430439548800] INFO perfrun.launcher <> - create msngr2::ICliToolContext
123 [140430439548800] INFO perfrun.launcher <> - create file finder object
123 [140430439548800] INFO perfrun.launcher <> - create a result directory: pattern = /home/liuyuxin/intel/vtune pid = 4294967295
133 [140430439548800] INFO perfrun.sdk <> - checked that the directory /home/liuyuxin/intel/vtune is a local directory
133 [140430439548800] INFO perfrun.sdk <> - the directory /home/liuyuxin/intel/vtune is located on a share or its FS ID is unknown 1397114950
133 [140430439548800] INFO perfrun.sdk <> - checked that the directory /tmp/amplxe-tmp-liuyuxin is a local directory
133 [140430439548800] INFO perfrun.sdk <> - the directory /tmp/amplxe-tmp-liuyuxin is located on a share or its FS ID is unknown 1397114950
134 [140430439548800] INFO perfrun.launcher <> - create data directory = /home/liuyuxin/intel/vtune/data.0
135 [140430439548800] INFO perfrun.launcher <> - Creating the master collection flag
138 [140430439548800] INFO perfrun.launcher <> - Done creating the master collection flag
140 [140430430308096] INFO perfrun.launcher <> - plugin [remoteplug] was disabled because it doesn't support the given collection type.
140 [140430430308096] INFO perfrun.sdk <> - Allocating TMU :/home/liuyuxin/intel/vtune/data.0/systemcollector-1998-DESKTOP-CD1M1JF.sc
140 [140430430308096] INFO perfrun.system <> - Tpss based collection
141 [140430430308096] INFO perfrun.launcher <> - plugin [ptracecollector] was disabled because it doesn't support the given collection type.
141 [140430430308096] INFO perfrun.launcher <> - plugin [gpu] was disabled because it doesn't support the given collection type.
141 [140430430308096] INFO perfrun.launcher <> - plugin [] was disabled because it doesn't support the given collection type.
141 [140430430308096] INFO perfrun.launcher <> - plugin [] was disabled because it doesn't support the given collection type.
141 [140430430308096] INFO perfrun.launcher <> - plugin [] was disabled because it doesn't support the given collection type.
141 [140430430308096] INFO perfrun.mrte <> - system-wide mode is 0
141 [140430430308096] INFO perfrun.mrte <> - Getting  mrte profiling environment ...
239 [140430430308096] INFO perfrun.mrte <> - INTEL_MRTE_DATA_DIR=/home/liuyuxin/intel/vtune/data.0
239 [140430430308096] INFO perfrun.mrte <> - INTEL_MRTE_HOST_NAME=DESKTOP-CD1M1JF
239 [140430430308096] INFO perfrun.mrte <> - JAVA_TOOL_OPTIONS=-agentlib:amplxe_tpssmrte_javaprof_1.0 -Dsun.boot.library.path=/opt/intel/oneapi/vtune/2022.0.0/lib32/runtime:/opt/intel/oneapi/vtune/2022.0.0/lib64/runtime
239 [140430430308096] INFO perfrun.mrte <> - LD_LIBRARY_PATH=/opt/intel/oneapi/vtune/2022.0.0/lib32/runtime:/opt/intel/oneapi/vtune/2022.0.0/lib64/runtime
239 [140430430308096] INFO perfrun.mrte <> - CORECLR_ENABLE_PROFILING=1
239 [140430430308096] INFO perfrun.mrte <> - CORECLR_PROFILER={AA5E4821-E3B1-479c-B7FF-5AD047D22CED}
239 [140430430308096] INFO perfrun.mrte <> - CORECLR_PROFILER_PATH=/opt/intel/oneapi/vtune/2022.0.0/lib64/libamplxe_samplingmrte_clrprof_1.0.so
240 [140430430308096] INFO perfrun.mrte <> - INTEL_MRTE_PROFILER_MODE=mixed
240 [140430430308096] INFO perfrun.mrte <> - Data directory: /home/liuyuxin/intel/vtune/data.0
240 [140430430308096] INFO perfrun.mrte <> - Mrte plugin is initialized
240 [140430430308096] INFO perfrun.launcher <> - plugin [emon] was disabled because it doesn't support the given collection type.
240 [140430430308096] INFO perfrun.launcher <> - plugin [cuscol] was disabled because it doesn't support the given collection type.
240 [140430430308096] INFO perfrun.launcher <> - plugin [stdsrc] was disabled because it doesn't support the given collection type.
240 [140430430308096] INFO perfrun.launcher <> - plugin [sep] was disabled because it doesn't support the given collection type.
240 [140430430308096] INFO perfrun.launcher <> - plugin [vtsspp] was disabled because it doesn't support the given collection type.
240 [140430430308096] INFO perfrun.launcher <> - plugin [perf] was disabled because it doesn't support the given collection type.
240 [140430430308096] INFO perfrun.launcher <> - plugin [aoclprofile] was disabled because it doesn't support the given collection type.
240 [140430430308096] INFO perfrun.tpss <> - initialize tpss controller
240 [140430430308096] INFO perfrun.tpss <> - configure collection mode: value = cpu:counters:nostack
241 [140430430308096] INFO perfrun.tpss <> - configure collection mode: value = cpu:nostack
241 [140430430308096] INFO perfrun.tpss <> - default obj-size-min=1024
241 [140430430308096] INFO perfrun.tpss <> - default hash-table-size=0
241 [140430430308096] INFO perfrun.launcher <> - plugin [exprof] was disabled because it doesn't support the given collection type.
241 [140430430308096] INFO perfrun.launcher <> - plugin [media] was disabled because it doesn't support the given collection type.
241 [140430430308096] INFO perfrun.launcher <> - plugin [] was disabled because it doesn't support the given collection type.
241 [140430430308096] INFO perfrun.launcher <> - plugin [] was disabled because it doesn't support the given collection type.
241 [140430430308096] INFO perfrun.launcher <> - plugin [parallelfs] was disabled because it doesn't support the given collection type.
241 [140430430308096] INFO perfrun.launcher <> - plugin [power] was disabled because it doesn't support the given collection type.
241 [140430430308096] INFO perfrun.launcher <> - plugin [hwloc] was disabled because it doesn't support the given collection type.
241 [140430430308096] INFO perfrun.launcher <> - plugin [ipmwatch] was disabled because it doesn't support the given collection type.
241 [140430430308096] INFO perfrun.launcher <> - plugin [os_counters] was disabled because it doesn't support the given collection type.
241 [140430430308096] INFO perfrun.launcher <> - plugin [l0_metrics] was disabled because it doesn't support the given collection type.
241 [140430439548800] INFO perfrun.launcher <> - set environment variable: LD_LIBRARY_PATH = /opt/intel/oneapi/vtune/2022.0.0/lib32/runtime:/opt/intel/oneapi/vtune/2022.0.0/lib64/runtime
242 [140430439548800] INFO perfrun.launcher <> - set environment variable: INTEL_LIBITTNOTIFY32 = /opt/intel/oneapi/vtune/2022.0.0/lib32/runtime/libittnotify_collector.so
242 [140430439548800] INFO perfrun.launcher <> - set environment variable: INTEL_LIBITTNOTIFY64 = /opt/intel/oneapi/vtune/2022.0.0/lib64/runtime/libittnotify_collector.so
242 [140430439548800] INFO perfrun.launcher <> - set environment variable: INTEL_ITTNOTIFY_GROUPS = 
242 [140430439548800] INFO perfrun.launcher <> - set environment variable: INTEL_JIT_PROFILER32 = /opt/intel/oneapi/vtune/2022.0.0/lib32/runtime/libittnotify_collector.so
242 [140430439548800] INFO perfrun.launcher <> - set environment variable: INTEL_JIT_PROFILER64 = /opt/intel/oneapi/vtune/2022.0.0/lib64/runtime/libittnotify_collector.so
243 [140430439548800] INFO perfrun.launcher <> - set environment variable: VS_PROFILER = libittnotify_collector.so
243 [140430439548800] INFO perfrun.launcher <> - set environment variable: OMP_TOOL_LIBRARIES = /opt/intel/oneapi/vtune/2022.0.0/lib32/runtime/libittnotify_collector.so:/opt/intel/oneapi/vtune/2022.0.0/lib64/runtime/libittnotify_collector.so
243 [140430439548800] INFO perfrun.launcher <> - set environment variable: ENABLE_JITPROFILING = 1
243 [140430439548800] INFO perfrun.launcher <> - set environment variable: CL_CONFIG_USE_VTUNE = True
243 [140430439548800] INFO perfrun.launcher <> - set environment variable: KMP_FORKJOIN_FRAMES = 0
244 [140430439548800] INFO perfrun.launcher <> - set environment variable: KMP_FORKJOIN_FRAMES_MODE = 0
244 [140430439548800] INFO perfrun.launcher <> - set environment variable: OMP_TOOL = disabled
244 [140430439548800] INFO perfrun.launcher <> - set environment variable: INTEL_MRTE_DATA_DIR = /home/liuyuxin/intel/vtune/data.0
244 [140430439548800] INFO perfrun.launcher <> - set environment variable: INTEL_MRTE_HOST_NAME = DESKTOP-CD1M1JF
244 [140430439548800] INFO perfrun.launcher <> - set environment variable: JAVA_TOOL_OPTIONS = -agentlib:amplxe_tpssmrte_javaprof_1.0 -Dsun.boot.library.path=/opt/intel/oneapi/vtune/2022.0.0/lib32/runtime:/opt/intel/oneapi/vtune/2022.0.0/lib64/runtime
244 [140430439548800] INFO perfrun.launcher <> - set environment variable: LD_LIBRARY_PATH = /opt/intel/oneapi/vtune/2022.0.0/lib32/runtime:/opt/intel/oneapi/vtune/2022.0.0/lib64/runtime
244 [140430439548800] INFO perfrun.launcher <> - set environment variable: CORECLR_ENABLE_PROFILING = 1
244 [140430439548800] INFO perfrun.launcher <> - set environment variable: CORECLR_PROFILER = {AA5E4821-E3B1-479c-B7FF-5AD047D22CED}
245 [140430439548800] INFO perfrun.launcher <> - set environment variable: CORECLR_PROFILER_PATH = /opt/intel/oneapi/vtune/2022.0.0/lib64/libamplxe_samplingmrte_clrprof_1.0.so
245 [140430439548800] INFO perfrun.launcher <> - set environment variable: INTEL_MRTE_PROFILER_MODE = mixed
245 [140430439548800] INFO perfrun.launcher <> - RpcServer: run RPC server to handle requests
257 [140430439548800] INFO perfrun.launcher <> - Launcher: command line to start before modification = ./a.out
258 [140430439548800] INFO perfrun.launcher <> - Launcher: command line to start after modification = /opt/intel/oneapi/vtune/2022.0.0/bin64/pin -error_file /home/liuyuxin/intel/vtune/data.0/pinerr.tpsslog -detach_reattach -follow_execv -tool_load_option deepbind -t64 /opt/intel/oneapi/vtune/2022.0.0/lib64/libtpsstool.so -t /opt/intel/oneapi/vtune/2022.0.0/lib32/libtpsstool.so -server_name tpss_ipc.1998 -prd_dir /opt/intel/oneapi/vtune/2022.0.0 -- ./a.out
258 [140430439548800] INFO perfrun.launcher <> - ProcessCreator object was created
1101 [140430439548800] INFO perfrun.launcher <> - Launcher: the process was started in suspend mode
1102 [140430430308096] WARN perfrun.system <> - Could not do anything with /sys/kernel/debug/kvm: boost::filesystem::status: Permission denied: "/sys/kernel/debug/kvm", at file: vcs/perfrun1/plugins/system/src/trace_writer.cpp:797
1103 [140430430308096] WARN perfrun.system <> - Folder "/var/run/libvirt/qemu/"doesn't exist, at file: vcs/perfrun1/plugins/system/src/trace_writer.cpp:810
1104 [140430430308096] WARN perfrun.sdk <> - Failed to find xl binary on any of the system paths: /bin, /sbin, /usr/bin, /usr/sbin., at file: vcs/perfrun1/sdk/src/utils.cpp:198
1104 [140430430308096] WARN perfrun.system <> - Only 2 usec accuracy achieved for reference point, at file: vcs/perfrun1/plugins/system/src/trace_writer.cpp:330
1104 [140430430308096] WARN perfrun.system <> - Could not start ContainerMapping collector, at file: vcs/perfrun1/plugins/system/src/controller.cpp:458
1115 [140430430308096] INFO perfrun.vdso <> - Helper runtool '/opt/intel/oneapi/vtune/2022.0.0/bin32/amplxe-runss -dump-vdso -r /home/liuyuxin/intel/vtune --tmp-dir /tmp/amplxe-tmp-liuyuxin' returned 1
2235 [140430430308096] INFO perfrun.vdso <> - Helper runtool '/opt/intel/oneapi/vtune/2022.0.0/bin64/amplxe-runss -dump-vdso -r /home/liuyuxin/intel/vtune --tmp-dir /tmp/amplxe-tmp-liuyuxin' returned 0
2235 [140430430308096] INFO perfrun.itt <> - start itt controller for pid #2003
2236 [140430430308096] INFO perfrun.tpss <> - start tpss controller for pid #2003
2288 [140430439548800] INFO perfrun.launcher <> - Launcher: all plugins were started
2288 [140430439548800] INFO perfrun.launcher <> - DirectoryMonitor object was created
2288 [140430439548800] INFO perfrun.launcher <> - DirectoryMonitor: a callback was added
2288 [140430439548800] INFO perfrun.launcher <> - DirectoryMonitor was started with pingTime = 1000
2289 [140430439548800] INFO perfrun.launcher <> - DeadlineTimer is going to be constructed
2289 [140430439548800] INFO perfrun.launcher <> - DeadlineTimer: a callback was added
3167 [140430439548800] INFO perfrun.launcher <> - Launcher: resume the profiled application and  wait its termination or stop command
3254 [140430439548800] INFO perfrun.launcher <> - Launcher: the profiled application was terminated  with exit code = 255
3259 [140430430308096] WARN perfrun.system <> - Only 3 usec accuracy achieved for reference point, at file: vcs/perfrun1/plugins/system/src/trace_writer.cpp:330
3278 [140430430308096] INFO perfrun.itt <> - detach itt controller
3278 [140430430308096] INFO perfrun.itt <> - detach itt controller done
3278 [140430430308096] INFO perfrun.tpss <> - stop tpss controller
3287 [140430430308096] ERROR perfrun.launcher <> - Messenger::say: [Instrumentation Engine]: Fork for injector launcher failed: Bad address 
3287 [140430430308096] ERROR perfrun.launcher <> - tpss can not perform an operation and will be disabled., at file: vcs/perfrun1/launcher/src/plugin_manager_impl.hpp:434
3289 [140430430308096] INFO perfrun.sdk <> - De-allocating TMU: /home/liuyuxin/intel/vtune/data.0/systemcollector-1998-DESKTOP-CD1M1JF.sc
3290 [140430430308096] INFO perfrun.system <> - closed the system trace file: /home/liuyuxin/intel/vtune/data.0/systemcollector-1998-DESKTOP-CD1M1JF.sc
3290 [140430439548800] INFO perfrun.launcher <> - Launcher: all plugins were stopped.
3304 [140430439548800] INFO perfrun.launcher <> - DeadlineTimer is going to be destroyed
3305 [140430439548800] INFO perfrun.launcher <> - DeadlineTimer was destroyed
3305 [140430439548800] INFO perfrun.launcher <> - DirectoryMonitor object was destroyed
3305 [140430439548800] WARN perfrun.launcher <> - Stop command is ignored because it is received when collection is already stopped, at file: vcs/perfrun1/launcher/src/command_handler.cpp:212
3309 [140430439548800] INFO perfrun.launcher <> - Postponed internal errors detected
3310 [140430439548800] INFO perfrun.launcher <> - Application exit code: 255
3310 [140430439548800] INFO perfrun.launcher <> - Exit code: 2
