36 [140149278772160] INFO perfrun.launcher <> - Launcher main begin
41 [140149278772160] INFO perfrun.launcher <> - MessageCatalogInit finished
41 [140149278772160] INFO perfrun.launcher <> - Launcher instance created
41 [140149278772160] INFO perfrun.launcher <> - argc = 6; cmdline = /opt/intel/oneapi/vtune/2022.0.0/bin64/amplxe-runss -dump-vdso -r /home/liuyuxin/intel/vtune --tmp-dir /tmp/amplxe-tmp-liuyuxin 
128 [140149278772160] INFO perfrun.launcher <> - create msngr2::ICliToolContext
128 [140149278772160] INFO perfrun.launcher <> - create file finder object
129 [140149269464832] INFO perfrun.launcher <> - plugin [remoteplug] was disabled because it doesn't support the given collection type.
129 [140149269464832] INFO perfrun.launcher <> - plugin [system] was disabled because it doesn't support the given collection type.
129 [140149269464832] INFO perfrun.vdso <> - dumping [vdso] pseudomodule
139 [140149269464832] INFO perfrun.launcher <> - plugin [itt] was disabled because it doesn't support the given collection type.
139 [140149269464832] INFO perfrun.launcher <> - plugin [ptracecollector] was disabled because it doesn't support the given collection type.
139 [140149269464832] INFO perfrun.launcher <> - plugin [gpu] was disabled because it doesn't support the given collection type.
139 [140149269464832] INFO perfrun.launcher <> - plugin [] was disabled because it doesn't support the given collection type.
139 [140149269464832] INFO perfrun.launcher <> - plugin [] was disabled because it doesn't support the given collection type.
139 [140149269464832] INFO perfrun.launcher <> - plugin [] was disabled because it doesn't support the given collection type.
139 [140149269464832] INFO perfrun.launcher <> - plugin [mrte] was disabled because it doesn't support the given collection type.
139 [140149269464832] INFO perfrun.launcher <> - plugin [emon] was disabled because it doesn't support the given collection type.
139 [140149269464832] INFO perfrun.launcher <> - plugin [cuscol] was disabled because it doesn't support the given collection type.
139 [140149269464832] INFO perfrun.launcher <> - plugin [stdsrc] was disabled because it doesn't support the given collection type.
139 [140149269464832] INFO perfrun.launcher <> - plugin [sep] was disabled because it doesn't support the given collection type.
139 [140149269464832] INFO perfrun.launcher <> - plugin [vtsspp] was disabled because it doesn't support the given collection type.
139 [140149269464832] INFO perfrun.launcher <> - plugin [perf] was disabled because it doesn't support the given collection type.
139 [140149269464832] INFO perfrun.launcher <> - plugin [aoclprofile] was disabled because it doesn't support the given collection type.
139 [140149269464832] INFO perfrun.launcher <> - plugin [tpss] was disabled because it doesn't support the given collection type.
139 [140149269464832] INFO perfrun.launcher <> - plugin [exprof] was disabled because it doesn't support the given collection type.
139 [140149269464832] INFO perfrun.launcher <> - plugin [media] was disabled because it doesn't support the given collection type.
139 [140149269464832] INFO perfrun.launcher <> - plugin [] was disabled because it doesn't support the given collection type.
139 [140149269464832] INFO perfrun.launcher <> - plugin [] was disabled because it doesn't support the given collection type.
139 [140149269464832] INFO perfrun.launcher <> - plugin [parallelfs] was disabled because it doesn't support the given collection type.
140 [140149269464832] INFO perfrun.launcher <> - plugin [power] was disabled because it doesn't support the given collection type.
140 [140149269464832] INFO perfrun.launcher <> - plugin [hwloc] was disabled because it doesn't support the given collection type.
140 [140149269464832] INFO perfrun.launcher <> - plugin [ipmwatch] was disabled because it doesn't support the given collection type.
140 [140149269464832] INFO perfrun.launcher <> - plugin [os_counters] was disabled because it doesn't support the given collection type.
140 [140149269464832] INFO perfrun.launcher <> - plugin [l0_metrics] was disabled because it doesn't support the given collection type.
140 [140149278772160] INFO perfrun.launcher <> - Application exit code: 0
140 [140149278772160] INFO perfrun.launcher <> - Exit code: 0
